{
  "stats": {
    "suites": 9,
    "tests": 14,
    "passes": 13,
    "pending": 0,
    "failures": 1,
    "start": "2019-05-23T20:09:16.534Z",
    "end": "2019-05-23T20:09:17.277Z",
    "duration": 743,
    "testsRegistered": 14,
    "passPercent": 92.9,
    "pendingPercent": 0,
    "other": 0,
    "hasOther": false,
    "skipped": 0,
    "hasSkipped": false,
    "passPercentClass": "success",
    "pendingPercentClass": "danger"
  },
  "suites": {
    "uuid": "df3cb9fc-8d52-44f6-bff2-d6a1cb994a09",
    "title": "",
    "fullFile": "",
    "file": "",
    "beforeHooks": [],
    "afterHooks": [],
    "tests": [],
    "suites": [
      {
        "uuid": "56a50b02-f27a-4a9e-a41a-17ca2e60170e",
        "title": "Category.vue",
        "fullFile": "D:\\Personal\\Documents\\upb\\Certificación 3\\gestor\\dist\\main.js",
        "file": "\\dist\\main.js",
        "beforeHooks": [
          {
            "title": "\"before each\" hook",
            "fullTitle": "Category.vue \"before each\" hook",
            "timedOut": false,
            "duration": 3,
            "pass": false,
            "fail": false,
            "pending": false,
            "code": "store = _StoreUtil__WEBPACK_IMPORTED_MODULE_2__[\"default\"].getDefaultStore()\nwrapper = Object(_vue_test_utils__WEBPACK_IMPORTED_MODULE_1__[\"shallowMount\"])(_components_Category_vue__WEBPACK_IMPORTED_MODULE_3__[\"default\"], {\n  store\n})",
            "err": {},
            "isRoot": false,
            "uuid": "8953cb3e-6ba1-4510-838a-8c33c439be9f",
            "isHook": true,
            "skipped": false
          }
        ],
        "afterHooks": [],
        "tests": [
          {
            "title": "render button",
            "fullTitle": "Category.vue render button",
            "timedOut": false,
            "duration": 6,
            "state": "passed",
            "speed": "fast",
            "pass": true,
            "fail": false,
            "pending": false,
            "code": "Object(chai__WEBPACK_IMPORTED_MODULE_0__[\"expect\"])(wrapper.find('.button').exists())",
            "err": {},
            "isRoot": false,
            "uuid": "1d472920-1dea-4982-ad05-962dca1acb65",
            "isHook": false,
            "skipped": false
          },
          {
            "title": "input slot",
            "fullTitle": "Category.vue input slot",
            "timedOut": false,
            "duration": 0,
            "state": "passed",
            "speed": "fast",
            "pass": true,
            "fail": false,
            "pending": false,
            "code": "Object(chai__WEBPACK_IMPORTED_MODULE_0__[\"expect\"])(wrapper.find('.input').exists())",
            "err": {},
            "isRoot": false,
            "uuid": "227a3598-d766-4817-b905-6414289b88b9",
            "isHook": false,
            "skipped": false
          }
        ],
        "suites": [],
        "passes": [
          "1d472920-1dea-4982-ad05-962dca1acb65",
          "227a3598-d766-4817-b905-6414289b88b9"
        ],
        "failures": [],
        "pending": [],
        "skipped": [],
        "duration": 6,
        "root": false,
        "rootEmpty": false,
        "_timeout": 2000
      },
      {
        "uuid": "7fa01e3f-6c83-4adb-acba-d67c3635c870",
        "title": "CategoryForm.vue",
        "fullFile": "D:\\Personal\\Documents\\upb\\Certificación 3\\gestor\\dist\\main.js",
        "file": "\\dist\\main.js",
        "beforeHooks": [
          {
            "title": "\"before each\" hook",
            "fullTitle": "CategoryForm.vue \"before each\" hook",
            "timedOut": false,
            "duration": 4,
            "pass": false,
            "fail": false,
            "pending": false,
            "code": "wrapper = Object(_vue_test_utils__WEBPACK_IMPORTED_MODULE_1__[\"shallowMount\"])(_components_CategoryForm_vue__WEBPACK_IMPORTED_MODULE_2__[\"default\"], {\n  propsData: { msg }\n})",
            "err": {},
            "isRoot": false,
            "uuid": "90794d94-1da8-48bd-88ee-c7a76314d169",
            "isHook": true,
            "skipped": false
          }
        ],
        "afterHooks": [],
        "tests": [
          {
            "title": "render button",
            "fullTitle": "CategoryForm.vue render button",
            "timedOut": false,
            "duration": 0,
            "state": "passed",
            "speed": "fast",
            "pass": true,
            "fail": false,
            "pending": false,
            "code": "Object(chai__WEBPACK_IMPORTED_MODULE_0__[\"expect\"])(wrapper.find('.button').exists())",
            "err": {},
            "isRoot": false,
            "uuid": "62f7571d-93ba-428b-80ed-dcd587d7cbe8",
            "isHook": false,
            "skipped": false
          }
        ],
        "suites": [],
        "passes": [
          "62f7571d-93ba-428b-80ed-dcd587d7cbe8"
        ],
        "failures": [],
        "pending": [],
        "skipped": [],
        "duration": 0,
        "root": false,
        "rootEmpty": false,
        "_timeout": 2000
      },
      {
        "uuid": "45e43c5b-0690-4413-96f4-09174a6fbb1f",
        "title": "CategoryList.vue",
        "fullFile": "D:\\Personal\\Documents\\upb\\Certificación 3\\gestor\\dist\\main.js",
        "file": "\\dist\\main.js",
        "beforeHooks": [
          {
            "title": "\"before each\" hook",
            "fullTitle": "CategoryList.vue \"before each\" hook",
            "timedOut": false,
            "duration": 4,
            "pass": false,
            "fail": false,
            "pending": false,
            "code": "store = _StoreUtil__WEBPACK_IMPORTED_MODULE_2__[\"default\"].getDefaultStore()\nwrapper = Object(_vue_test_utils__WEBPACK_IMPORTED_MODULE_1__[\"shallowMount\"])(_components_CategoryList_vue__WEBPACK_IMPORTED_MODULE_3__[\"default\"], {\n  store\n})",
            "err": {},
            "isRoot": false,
            "uuid": "262fbf1e-17a2-472c-aabb-c679009881db",
            "isHook": true,
            "skipped": false
          }
        ],
        "afterHooks": [],
        "tests": [
          {
            "title": "render button",
            "fullTitle": "CategoryList.vue render button",
            "timedOut": false,
            "duration": 1,
            "state": "passed",
            "speed": "fast",
            "pass": true,
            "fail": false,
            "pending": false,
            "code": "Object(chai__WEBPACK_IMPORTED_MODULE_0__[\"expect\"])(wrapper.find('.button').exists())",
            "err": {},
            "isRoot": false,
            "uuid": "90089427-9614-4d12-b1b3-e5d3a20f5cb2",
            "isHook": false,
            "skipped": false
          },
          {
            "title": "lista categorias",
            "fullTitle": "CategoryList.vue lista categorias",
            "timedOut": false,
            "duration": 0,
            "state": "passed",
            "speed": "fast",
            "pass": true,
            "fail": false,
            "pending": false,
            "code": "Object(chai__WEBPACK_IMPORTED_MODULE_0__[\"expect\"])(wrapper.find('.listaCategoria').exists())",
            "err": {},
            "isRoot": false,
            "uuid": "9121b90c-81a4-4158-b2c7-3b449e4752b8",
            "isHook": false,
            "skipped": false
          }
        ],
        "suites": [],
        "passes": [
          "90089427-9614-4d12-b1b3-e5d3a20f5cb2",
          "9121b90c-81a4-4158-b2c7-3b449e4752b8"
        ],
        "failures": [],
        "pending": [],
        "skipped": [],
        "duration": 1,
        "root": false,
        "rootEmpty": false,
        "_timeout": 2000
      },
      {
        "uuid": "993135ea-a54c-43d9-9b84-0813d1db9bbb",
        "title": "DataTable.vue",
        "fullFile": "D:\\Personal\\Documents\\upb\\Certificación 3\\gestor\\dist\\main.js",
        "file": "\\dist\\main.js",
        "beforeHooks": [
          {
            "title": "\"before all\" hook",
            "fullTitle": "DataTable.vue \"before all\" hook",
            "timedOut": false,
            "duration": 0,
            "pass": false,
            "fail": false,
            "pending": false,
            "code": "",
            "err": {},
            "isRoot": false,
            "uuid": "8c50094c-a46e-4d14-a48c-743587daaf66",
            "isHook": true,
            "skipped": false
          },
          {
            "title": "\"before each\" hook",
            "fullTitle": "DataTable.vue \"before each\" hook",
            "timedOut": false,
            "duration": 10,
            "pass": false,
            "fail": false,
            "pending": false,
            "code": "store = _StoreUtil__WEBPACK_IMPORTED_MODULE_2__[\"default\"].getDefaultStore()\nwrapper = Object(_vue_test_utils__WEBPACK_IMPORTED_MODULE_1__[\"shallowMount\"])(_components_DataTable_vue__WEBPACK_IMPORTED_MODULE_3__[\"default\"],\n    {\n      store\n    })",
            "err": {},
            "isRoot": false,
            "uuid": "3d81db67-1e3e-4a24-9c61-80cc1377b69a",
            "isHook": true,
            "skipped": false
          }
        ],
        "afterHooks": [
          {
            "title": "\"after each\" hook",
            "fullTitle": "DataTable.vue \"after each\" hook",
            "timedOut": false,
            "duration": 0,
            "pass": false,
            "fail": false,
            "pending": false,
            "code": "",
            "err": {},
            "isRoot": false,
            "uuid": "ef2c2c22-721e-4050-a639-efc4f4b39d58",
            "isHook": true,
            "skipped": false
          }
        ],
        "tests": [
          {
            "title": "detectada lista de egresos",
            "fullTitle": "DataTable.vue detectada lista de egresos",
            "timedOut": false,
            "duration": 6,
            "state": "passed",
            "speed": "fast",
            "pass": true,
            "fail": false,
            "pending": false,
            "code": "store.dispatch('cambiarTransaccion', 'Egresos')\nObject(chai__WEBPACK_IMPORTED_MODULE_0__[\"expect\"])(wrapper.vm.escogerTransaccion()[0].ntrans).to.equals(3)",
            "err": {},
            "isRoot": false,
            "uuid": "82e2f1c0-a8ff-47fe-a165-713f8ea99f37",
            "isHook": false,
            "skipped": false
          },
          {
            "title": "agrega elementos a la lista de ingresos",
            "fullTitle": "DataTable.vue agrega elementos a la lista de ingresos",
            "timedOut": false,
            "duration": 16,
            "state": "passed",
            "speed": "fast",
            "pass": true,
            "fail": false,
            "pending": false,
            "code": "wrapper.vm.itemEditado.monto = '30'\nwrapper.vm.itemEditado.fecha = '2012/10/20'\nwrapper.vm.itemEditado.categoria = 'Otros'\nwrapper.vm.salvar()\nObject(chai__WEBPACK_IMPORTED_MODULE_0__[\"expect\"])(wrapper.vm.escogerTransaccion()[1].monto).to.equals(30)",
            "err": {},
            "isRoot": false,
            "uuid": "d4018daa-bfee-47d0-8f5c-2804b02b3ae8",
            "isHook": false,
            "skipped": false
          },
          {
            "title": "agrega elementos a la lista de egresos",
            "fullTitle": "DataTable.vue agrega elementos a la lista de egresos",
            "timedOut": false,
            "duration": 19,
            "state": "passed",
            "speed": "fast",
            "pass": true,
            "fail": false,
            "pending": false,
            "code": "store.dispatch('cambiarTransaccion', 'Egresos')\nwrapper.vm.itemEditado.monto = '20'\nwrapper.vm.itemEditado.fecha = '2010/10/20'\nwrapper.vm.itemEditado.categoria = 'Otros'\nwrapper.vm.salvar()\nObject(chai__WEBPACK_IMPORTED_MODULE_0__[\"expect\"])(wrapper.vm.escogerTransaccion()[1].monto).to.equals(20)",
            "err": {},
            "isRoot": false,
            "uuid": "7b20b676-dfb1-47db-bc9f-a9c0e1ae8315",
            "isHook": false,
            "skipped": false
          }
        ],
        "suites": [],
        "passes": [
          "82e2f1c0-a8ff-47fe-a165-713f8ea99f37",
          "d4018daa-bfee-47d0-8f5c-2804b02b3ae8",
          "7b20b676-dfb1-47db-bc9f-a9c0e1ae8315"
        ],
        "failures": [],
        "pending": [],
        "skipped": [],
        "duration": 41,
        "root": false,
        "rootEmpty": false,
        "_timeout": 2000
      },
      {
        "uuid": "f7936365-a82b-4d1f-9586-816de3df8a68",
        "title": "EscogerTransaccion.vue",
        "fullFile": "D:\\Personal\\Documents\\upb\\Certificación 3\\gestor\\dist\\main.js",
        "file": "\\dist\\main.js",
        "beforeHooks": [
          {
            "title": "\"before all\" hook",
            "fullTitle": "EscogerTransaccion.vue \"before all\" hook",
            "timedOut": false,
            "duration": 0,
            "pass": false,
            "fail": false,
            "pending": false,
            "code": "",
            "err": {},
            "isRoot": false,
            "uuid": "b11d6499-4091-49bf-991d-125fa1de7be7",
            "isHook": true,
            "skipped": false
          },
          {
            "title": "\"before each\" hook",
            "fullTitle": "EscogerTransaccion.vue \"before each\" hook",
            "timedOut": false,
            "duration": 2,
            "pass": false,
            "fail": false,
            "pending": false,
            "code": "store = _StoreUtil__WEBPACK_IMPORTED_MODULE_2__[\"default\"].getDefaultStore()\nwrapper = Object(_vue_test_utils__WEBPACK_IMPORTED_MODULE_1__[\"shallowMount\"])(_components_EscogerTransaccion_vue__WEBPACK_IMPORTED_MODULE_3__[\"default\"],\n    {\n      store\n    })",
            "err": {},
            "isRoot": false,
            "uuid": "74484a4e-c82d-44d5-8e8e-020957310394",
            "isHook": true,
            "skipped": false
          }
        ],
        "afterHooks": [
          {
            "title": "\"after each\" hook",
            "fullTitle": "EscogerTransaccion.vue \"after each\" hook",
            "timedOut": false,
            "duration": 0,
            "pass": false,
            "fail": false,
            "pending": false,
            "code": "",
            "err": {},
            "isRoot": false,
            "uuid": "e19e7132-d24c-4895-9c6c-71f4e699aea3",
            "isHook": true,
            "skipped": false
          }
        ],
        "tests": [
          {
            "title": "cambio de estado a Ingresos",
            "fullTitle": "EscogerTransaccion.vue cambio de estado a Ingresos",
            "timedOut": false,
            "duration": 0,
            "state": "passed",
            "speed": "fast",
            "pass": true,
            "fail": false,
            "pending": false,
            "code": "wrapper.vm.irAIngresos()\nObject(chai__WEBPACK_IMPORTED_MODULE_0__[\"expect\"])(wrapper.vm.tipoTransaccion).to.equals('Ingresos')",
            "err": {},
            "isRoot": false,
            "uuid": "9dd6a532-ac09-477c-aa9d-06c532354808",
            "isHook": false,
            "skipped": false
          },
          {
            "title": "cambio de estado a Egresos",
            "fullTitle": "EscogerTransaccion.vue cambio de estado a Egresos",
            "timedOut": false,
            "duration": 0,
            "state": "passed",
            "speed": "fast",
            "pass": true,
            "fail": false,
            "pending": false,
            "code": "wrapper.vm.irAEgresos()\nObject(chai__WEBPACK_IMPORTED_MODULE_0__[\"expect\"])(wrapper.vm.tipoTransaccion).to.equals('Egresos')",
            "err": {},
            "isRoot": false,
            "uuid": "218b7ddb-4ffe-4e55-b5aa-28b838e27fd2",
            "isHook": false,
            "skipped": false
          }
        ],
        "suites": [],
        "passes": [
          "9dd6a532-ac09-477c-aa9d-06c532354808",
          "218b7ddb-4ffe-4e55-b5aa-28b838e27fd2"
        ],
        "failures": [],
        "pending": [],
        "skipped": [],
        "duration": 0,
        "root": false,
        "rootEmpty": false,
        "_timeout": 2000
      },
      {
        "uuid": "a9b878bc-6fc5-4b91-ab96-100d5b2095e0",
        "title": "Transfer.vue",
        "fullFile": "D:\\Personal\\Documents\\upb\\Certificación 3\\gestor\\dist\\main.js",
        "file": "\\dist\\main.js",
        "beforeHooks": [],
        "afterHooks": [],
        "tests": [
          {
            "title": "transferencia registra un ingreso a la cuenta destino y un egreso a la cuenta actual",
            "fullTitle": "Transfer.vue transferencia registra un ingreso a la cuenta destino y un egreso a la cuenta actual",
            "timedOut": false,
            "duration": 18,
            "state": "passed",
            "speed": "fast",
            "pass": true,
            "fail": false,
            "pending": false,
            "code": "const wrapper = Object(_vue_test_utils__WEBPACK_IMPORTED_MODULE_1__[\"shallowMount\"])(_components_Transfer_vue__WEBPACK_IMPORTED_MODULE_2__[\"default\"], {\n  store\n})\nconst cuentaNueva = { id: 1000, nombre: 'Prueba', ingresos: [], egresos: [] }\nwrapper.vm.$store.dispatch('anadirCuenta', cuentaNueva)\nconst cuentasStore = wrapper.vm.cuentas\nconst idCuenta2 = 1000\nwrapper.vm.amount = 100\nwrapper.vm.selectedaccount = idCuenta2\nconst egresosC1Antes = JSON.parse(JSON.stringify(cuentasStore[0].egresos))\nconst ingresosC2Antes = JSON.parse(JSON.stringify(cuentasStore[1].ingresos))\nwrapper.vm.saveTransfer()\nconst egresosC1Despues = cuentasStore[0].egresos\nconst ingresosC2Despues = cuentasStore[1].ingresos\nconst bool = !!((egresosC1Antes.length + 1 === egresosC1Despues.length) &&\n  (ingresosC2Antes.length + 1 === ingresosC2Despues.length))\nchai__WEBPACK_IMPORTED_MODULE_0__[\"assert\"].equal(bool, true)",
            "err": {},
            "isRoot": false,
            "uuid": "9dc0bf99-5877-4f11-8a1d-18ae298a8952",
            "isHook": false,
            "skipped": false
          }
        ],
        "suites": [],
        "passes": [
          "9dc0bf99-5877-4f11-8a1d-18ae298a8952"
        ],
        "failures": [],
        "pending": [],
        "skipped": [],
        "duration": 18,
        "root": false,
        "rootEmpty": false,
        "_timeout": 2000
      },
      {
        "uuid": "25b88c51-82c6-40c1-b3e2-31534900b817",
        "title": "CategoryList.vue",
        "fullFile": "D:\\Personal\\Documents\\upb\\Certificación 3\\gestor\\dist\\main.js",
        "file": "\\dist\\main.js",
        "beforeHooks": [],
        "afterHooks": [],
        "tests": [
          {
            "title": "La lista de categorías cambia si estás en ingresos o egresos",
            "fullTitle": "CategoryList.vue La lista de categorías cambia si estás en ingresos o egresos",
            "timedOut": false,
            "duration": 5,
            "state": "passed",
            "speed": "fast",
            "pass": true,
            "fail": false,
            "pending": false,
            "code": "const wrapper = Object(_vue_test_utils__WEBPACK_IMPORTED_MODULE_1__[\"mount\"])(_components_CategoryList_vue__WEBPACK_IMPORTED_MODULE_3__[\"default\"], {\n  store\n})\nconst listaIngresos = JSON.parse(JSON.stringify(wrapper.vm.escogerTransaccion()))\nconst tipo = 'Egresos'\nwrapper.vm.$store.dispatch('cambiarTransaccion', tipo)\nconst listaEgresos = JSON.parse(JSON.stringify(wrapper.vm.escogerTransaccion()))\nconst bool = listaIngresos === listaEgresos\nchai__WEBPACK_IMPORTED_MODULE_0__[\"assert\"].equal(bool, false)",
            "err": {},
            "isRoot": false,
            "uuid": "5ed3887d-cf3b-48fb-918a-c548f81aea6b",
            "isHook": false,
            "skipped": false
          }
        ],
        "suites": [],
        "passes": [
          "5ed3887d-cf3b-48fb-918a-c548f81aea6b"
        ],
        "failures": [],
        "pending": [],
        "skipped": [],
        "duration": 5,
        "root": false,
        "rootEmpty": false,
        "_timeout": 2000
      },
      {
        "uuid": "b046a961-6ffe-48cb-9742-9d91ea83c8b4",
        "title": "ListaCuentas.vue",
        "fullFile": "D:\\Personal\\Documents\\upb\\Certificación 3\\gestor\\dist\\main.js",
        "file": "\\dist\\main.js",
        "beforeHooks": [],
        "afterHooks": [],
        "tests": [
          {
            "title": "Se elimina una cuenta correctamente",
            "fullTitle": "ListaCuentas.vue Se elimina una cuenta correctamente",
            "timedOut": false,
            "duration": 217,
            "state": "failed",
            "pass": false,
            "fail": true,
            "pending": false,
            "code": "const wrapper = Object(_vue_test_utils__WEBPACK_IMPORTED_MODULE_1__[\"mount\"])(_components_ListaCuentas_vue__WEBPACK_IMPORTED_MODULE_4__[\"default\"], {\n  store\n})\nconst cuentaNueva1 = { id: 1000, nombre: 'Prueba 1', ingresos: [], egresos: [] }\nconst cuentaNueva2 = { id: 1001, nombre: 'Prueba 2', ingresos: [], egresos: [] }\nconst cuentaNueva3 = { id: 1002, nombre: 'Prueba 3', ingresos: [], egresos: [] }\nwrapper.vm.$store.dispatch('anadirCuenta', cuentaNueva1)\nwrapper.vm.$store.dispatch('anadirCuenta', cuentaNueva2)\nwrapper.vm.$store.dispatch('anadirCuenta', cuentaNueva3)\nconst cuentas = wrapper.findAll(_components_Cuenta_vue__WEBPACK_IMPORTED_MODULE_5__[\"default\"])\nconsole.log(cuentas.length)\nconst largoAntes = cuentas.length\ncuentas.at(0).vm.eliminarCuenta()\nconst cuentasDespues = wrapper.findAll(_components_Cuenta_vue__WEBPACK_IMPORTED_MODULE_5__[\"default\"])\nconst largoDespues = cuentasDespues.length\nchai__WEBPACK_IMPORTED_MODULE_0__[\"assert\"].equal(largoAntes, largoDespues + 1)",
            "err": {
              "message": "AssertionError: expected 4 to equal 5",
              "estack": "AssertionError: expected 4 to equal 5\n    at Context.it (dist\\webpack:\\tests\\unit\\mateo.spec.js:74:1)",
              "diff": "- 4\n+ 5\n"
            },
            "isRoot": false,
            "uuid": "c75cc069-441e-412d-a329-8ea76ec3602d",
            "isHook": false,
            "skipped": false
          }
        ],
        "suites": [],
        "passes": [],
        "failures": [
          "c75cc069-441e-412d-a329-8ea76ec3602d"
        ],
        "pending": [],
        "skipped": [],
        "duration": 217,
        "root": false,
        "rootEmpty": false,
        "_timeout": 2000
      },
      {
        "uuid": "79064101-010f-4929-b905-04feec17608e",
        "title": "Transfer.vue",
        "fullFile": "D:\\Personal\\Documents\\upb\\Certificación 3\\gestor\\dist\\main.js",
        "file": "\\dist\\main.js",
        "beforeHooks": [],
        "afterHooks": [],
        "tests": [
          {
            "title": "verifica no se excede la transferencia",
            "fullTitle": "Transfer.vue verifica no se excede la transferencia",
            "timedOut": false,
            "duration": 189,
            "state": "passed",
            "speed": "slow",
            "pass": true,
            "fail": false,
            "pending": false,
            "code": "const wrapper = Object(_vue_test_utils__WEBPACK_IMPORTED_MODULE_1__[\"shallowMount\"])(_components_Transfer_vue__WEBPACK_IMPORTED_MODULE_3__[\"default\"], {\n  store\n})\nconst cuentaNueva = { id: 1000, nombre: 'Prueba', ingresos: [], egresos: [] }\nstore.dispatch('anadirCuenta', cuentaNueva)\nconst idCuenta2 = 1000\nwrapper.vm.amount = -100\nwrapper.vm.selectedaccount = idCuenta2\nwrapper.vm.saveTransfer()\nObject(chai__WEBPACK_IMPORTED_MODULE_0__[\"expect\"])(wrapper.vm.obtenerSaldo()).to.equal(1200)",
            "err": {},
            "isRoot": false,
            "uuid": "9de3c687-3a0f-48db-a7e5-0e32f2251a48",
            "isHook": false,
            "skipped": false
          }
        ],
        "suites": [],
        "passes": [
          "9de3c687-3a0f-48db-a7e5-0e32f2251a48"
        ],
        "failures": [],
        "pending": [],
        "skipped": [],
        "duration": 189,
        "root": false,
        "rootEmpty": false,
        "_timeout": 2000
      }
    ],
    "passes": [],
    "failures": [],
    "pending": [],
    "skipped": [],
    "duration": 0,
    "root": true,
    "rootEmpty": true,
    "_timeout": 2000
  },
  "copyrightYear": 2019
}