{
  "stats": {
    "suites": 11,
    "tests": 18,
    "passes": 18,
    "pending": 0,
    "failures": 0,
    "start": "2019-05-23T21:55:28.840Z",
    "end": "2019-05-23T21:55:29.502Z",
    "duration": 662,
    "testsRegistered": 18,
    "passPercent": 100,
    "pendingPercent": 0,
    "other": 0,
    "hasOther": false,
    "skipped": 0,
    "hasSkipped": false,
    "passPercentClass": "success",
    "pendingPercentClass": "danger"
  },
  "suites": {
    "uuid": "7f3fb768-0946-49c9-9756-0f76e8a32876",
    "title": "",
    "fullFile": "",
    "file": "",
    "beforeHooks": [],
    "afterHooks": [],
    "tests": [],
    "suites": [
      {
        "uuid": "5e1d6e0f-1a3d-43ab-8a66-597a751b76b7",
        "title": "Category.vue",
        "fullFile": "D:\\Personal\\Documents\\upb\\Certificación 3\\gestor\\dist\\main.js",
        "file": "\\dist\\main.js",
        "beforeHooks": [
          {
            "title": "\"before each\" hook",
            "fullTitle": "Category.vue \"before each\" hook",
            "timedOut": false,
            "duration": 2,
            "pass": false,
            "fail": false,
            "pending": false,
            "code": "store = _StoreUtil__WEBPACK_IMPORTED_MODULE_2__[\"default\"].getDefaultStore()\nwrapper = Object(_vue_test_utils__WEBPACK_IMPORTED_MODULE_1__[\"shallowMount\"])(_components_Category_vue__WEBPACK_IMPORTED_MODULE_3__[\"default\"], {\n  store\n})",
            "err": {},
            "isRoot": false,
            "uuid": "f111be4b-11be-4016-86f3-c65ee313ad8f",
            "isHook": true,
            "skipped": false
          }
        ],
        "afterHooks": [],
        "tests": [
          {
            "title": "render button",
            "fullTitle": "Category.vue render button",
            "timedOut": false,
            "duration": 6,
            "state": "passed",
            "speed": "fast",
            "pass": true,
            "fail": false,
            "pending": false,
            "code": "Object(chai__WEBPACK_IMPORTED_MODULE_0__[\"expect\"])(wrapper.find('.button').exists())",
            "err": {},
            "isRoot": false,
            "uuid": "656bd13e-26c2-49e0-a593-f05fe2f21648",
            "isHook": false,
            "skipped": false
          },
          {
            "title": "input slot",
            "fullTitle": "Category.vue input slot",
            "timedOut": false,
            "duration": 0,
            "state": "passed",
            "speed": "fast",
            "pass": true,
            "fail": false,
            "pending": false,
            "code": "Object(chai__WEBPACK_IMPORTED_MODULE_0__[\"expect\"])(wrapper.find('.input').exists())",
            "err": {},
            "isRoot": false,
            "uuid": "fb16c909-ecb7-4c06-b977-3c4d39e1ae4c",
            "isHook": false,
            "skipped": false
          }
        ],
        "suites": [],
        "passes": [
          "656bd13e-26c2-49e0-a593-f05fe2f21648",
          "fb16c909-ecb7-4c06-b977-3c4d39e1ae4c"
        ],
        "failures": [],
        "pending": [],
        "skipped": [],
        "duration": 6,
        "root": false,
        "rootEmpty": false,
        "_timeout": 2000
      },
      {
        "uuid": "8de8341f-f1f7-4de1-98cd-5db4914ee4df",
        "title": "CategoryForm.vue",
        "fullFile": "D:\\Personal\\Documents\\upb\\Certificación 3\\gestor\\dist\\main.js",
        "file": "\\dist\\main.js",
        "beforeHooks": [
          {
            "title": "\"before each\" hook",
            "fullTitle": "CategoryForm.vue \"before each\" hook",
            "timedOut": false,
            "duration": 5,
            "pass": false,
            "fail": false,
            "pending": false,
            "code": "wrapper = Object(_vue_test_utils__WEBPACK_IMPORTED_MODULE_1__[\"shallowMount\"])(_components_CategoryForm_vue__WEBPACK_IMPORTED_MODULE_2__[\"default\"], {\n  propsData: { msg }\n})",
            "err": {},
            "isRoot": false,
            "uuid": "0c2e5e96-d573-4c22-8ae5-06dcd434b698",
            "isHook": true,
            "skipped": false
          }
        ],
        "afterHooks": [],
        "tests": [
          {
            "title": "render button",
            "fullTitle": "CategoryForm.vue render button",
            "timedOut": false,
            "duration": 0,
            "state": "passed",
            "speed": "fast",
            "pass": true,
            "fail": false,
            "pending": false,
            "code": "Object(chai__WEBPACK_IMPORTED_MODULE_0__[\"expect\"])(wrapper.find('.button').exists())",
            "err": {},
            "isRoot": false,
            "uuid": "4a6789e3-0f44-40b2-aa2b-59447b28dc98",
            "isHook": false,
            "skipped": false
          }
        ],
        "suites": [],
        "passes": [
          "4a6789e3-0f44-40b2-aa2b-59447b28dc98"
        ],
        "failures": [],
        "pending": [],
        "skipped": [],
        "duration": 0,
        "root": false,
        "rootEmpty": false,
        "_timeout": 2000
      },
      {
        "uuid": "ad9207c1-6457-478f-a610-29cbd7ebf17f",
        "title": "CategoryList.vue",
        "fullFile": "D:\\Personal\\Documents\\upb\\Certificación 3\\gestor\\dist\\main.js",
        "file": "\\dist\\main.js",
        "beforeHooks": [
          {
            "title": "\"before each\" hook",
            "fullTitle": "CategoryList.vue \"before each\" hook",
            "timedOut": false,
            "duration": 4,
            "pass": false,
            "fail": false,
            "pending": false,
            "code": "store = _StoreUtil__WEBPACK_IMPORTED_MODULE_2__[\"default\"].getDefaultStore()\nwrapper = Object(_vue_test_utils__WEBPACK_IMPORTED_MODULE_1__[\"shallowMount\"])(_components_CategoryList_vue__WEBPACK_IMPORTED_MODULE_3__[\"default\"], {\n  store\n})",
            "err": {},
            "isRoot": false,
            "uuid": "787b5e01-1e3c-4227-abd3-33dc9cb50249",
            "isHook": true,
            "skipped": false
          }
        ],
        "afterHooks": [],
        "tests": [
          {
            "title": "render button",
            "fullTitle": "CategoryList.vue render button",
            "timedOut": false,
            "duration": 0,
            "state": "passed",
            "speed": "fast",
            "pass": true,
            "fail": false,
            "pending": false,
            "code": "Object(chai__WEBPACK_IMPORTED_MODULE_0__[\"expect\"])(wrapper.find('.button').exists())",
            "err": {},
            "isRoot": false,
            "uuid": "322ba820-b058-4ae3-ba15-819ab254b37a",
            "isHook": false,
            "skipped": false
          },
          {
            "title": "lista categorias",
            "fullTitle": "CategoryList.vue lista categorias",
            "timedOut": false,
            "duration": 0,
            "state": "passed",
            "speed": "fast",
            "pass": true,
            "fail": false,
            "pending": false,
            "code": "Object(chai__WEBPACK_IMPORTED_MODULE_0__[\"expect\"])(wrapper.find('.listaCategoria').exists())",
            "err": {},
            "isRoot": false,
            "uuid": "dba2202c-98a0-477d-b35d-f1b960408c35",
            "isHook": false,
            "skipped": false
          }
        ],
        "suites": [],
        "passes": [
          "322ba820-b058-4ae3-ba15-819ab254b37a",
          "dba2202c-98a0-477d-b35d-f1b960408c35"
        ],
        "failures": [],
        "pending": [],
        "skipped": [],
        "duration": 0,
        "root": false,
        "rootEmpty": false,
        "_timeout": 2000
      },
      {
        "uuid": "b7afdd0b-045d-40f2-b61a-98e73a11a944",
        "title": "DataTable.vue",
        "fullFile": "D:\\Personal\\Documents\\upb\\Certificación 3\\gestor\\dist\\main.js",
        "file": "\\dist\\main.js",
        "beforeHooks": [
          {
            "title": "\"before all\" hook",
            "fullTitle": "DataTable.vue \"before all\" hook",
            "timedOut": false,
            "duration": 0,
            "pass": false,
            "fail": false,
            "pending": false,
            "code": "",
            "err": {},
            "isRoot": false,
            "uuid": "dd12ede8-df03-492f-9b62-6b5c00a5de5e",
            "isHook": true,
            "skipped": false
          },
          {
            "title": "\"before each\" hook",
            "fullTitle": "DataTable.vue \"before each\" hook",
            "timedOut": false,
            "duration": 14,
            "pass": false,
            "fail": false,
            "pending": false,
            "code": "store = _StoreUtil__WEBPACK_IMPORTED_MODULE_2__[\"default\"].getDefaultStore()\nwrapper = Object(_vue_test_utils__WEBPACK_IMPORTED_MODULE_1__[\"shallowMount\"])(_components_DataTable_vue__WEBPACK_IMPORTED_MODULE_3__[\"default\"],\n    {\n      store\n    })",
            "err": {},
            "isRoot": false,
            "uuid": "ee6a3d4e-0aa9-4c6c-a7b7-3d30e6beff89",
            "isHook": true,
            "skipped": false
          }
        ],
        "afterHooks": [
          {
            "title": "\"after each\" hook",
            "fullTitle": "DataTable.vue \"after each\" hook",
            "timedOut": false,
            "duration": 0,
            "pass": false,
            "fail": false,
            "pending": false,
            "code": "",
            "err": {},
            "isRoot": false,
            "uuid": "40547228-d146-4e14-98e1-348f429ecf35",
            "isHook": true,
            "skipped": false
          }
        ],
        "tests": [
          {
            "title": "detectada lista de egresos",
            "fullTitle": "DataTable.vue detectada lista de egresos",
            "timedOut": false,
            "duration": 6,
            "state": "passed",
            "speed": "fast",
            "pass": true,
            "fail": false,
            "pending": false,
            "code": "store.dispatch('cambiarTransaccion', 'Egresos')\nObject(chai__WEBPACK_IMPORTED_MODULE_0__[\"expect\"])(wrapper.vm.escogerTransaccion()[0].ntrans).to.equals(3)",
            "err": {},
            "isRoot": false,
            "uuid": "d493afcb-18be-4ce8-94a4-5ca01a26c0c6",
            "isHook": false,
            "skipped": false
          },
          {
            "title": "agrega elementos a la lista de ingresos",
            "fullTitle": "DataTable.vue agrega elementos a la lista de ingresos",
            "timedOut": false,
            "duration": 14,
            "state": "passed",
            "speed": "fast",
            "pass": true,
            "fail": false,
            "pending": false,
            "code": "wrapper.vm.itemEditado.monto = '30'\nwrapper.vm.itemEditado.fecha = '2012/10/20'\nwrapper.vm.itemEditado.categoria = 'Otros'\nwrapper.vm.salvar()\nObject(chai__WEBPACK_IMPORTED_MODULE_0__[\"expect\"])(wrapper.vm.escogerTransaccion()[1].monto).to.equals(30)",
            "err": {},
            "isRoot": false,
            "uuid": "25bc5795-4622-491e-8750-34d40fabec25",
            "isHook": false,
            "skipped": false
          },
          {
            "title": "agrega elementos a la lista de egresos",
            "fullTitle": "DataTable.vue agrega elementos a la lista de egresos",
            "timedOut": false,
            "duration": 16,
            "state": "passed",
            "speed": "fast",
            "pass": true,
            "fail": false,
            "pending": false,
            "code": "store.dispatch('cambiarTransaccion', 'Egresos')\nwrapper.vm.itemEditado.monto = '20'\nwrapper.vm.itemEditado.fecha = '2010/10/20'\nwrapper.vm.itemEditado.categoria = 'Otros'\nwrapper.vm.salvar()\nObject(chai__WEBPACK_IMPORTED_MODULE_0__[\"expect\"])(wrapper.vm.escogerTransaccion()[1].monto).to.equals(20)",
            "err": {},
            "isRoot": false,
            "uuid": "fdb80b6f-4063-470d-b233-c28596bbb403",
            "isHook": false,
            "skipped": false
          }
        ],
        "suites": [],
        "passes": [
          "d493afcb-18be-4ce8-94a4-5ca01a26c0c6",
          "25bc5795-4622-491e-8750-34d40fabec25",
          "fdb80b6f-4063-470d-b233-c28596bbb403"
        ],
        "failures": [],
        "pending": [],
        "skipped": [],
        "duration": 36,
        "root": false,
        "rootEmpty": false,
        "_timeout": 2000
      },
      {
        "uuid": "22b059c3-f56a-4592-a7db-21757ba46b92",
        "title": "EscogerTransaccion.vue",
        "fullFile": "D:\\Personal\\Documents\\upb\\Certificación 3\\gestor\\dist\\main.js",
        "file": "\\dist\\main.js",
        "beforeHooks": [
          {
            "title": "\"before all\" hook",
            "fullTitle": "EscogerTransaccion.vue \"before all\" hook",
            "timedOut": false,
            "duration": 0,
            "pass": false,
            "fail": false,
            "pending": false,
            "code": "",
            "err": {},
            "isRoot": false,
            "uuid": "7e3d95fe-2084-426a-a8e6-c5035e4fbdca",
            "isHook": true,
            "skipped": false
          },
          {
            "title": "\"before each\" hook",
            "fullTitle": "EscogerTransaccion.vue \"before each\" hook",
            "timedOut": false,
            "duration": 1,
            "pass": false,
            "fail": false,
            "pending": false,
            "code": "store = _StoreUtil__WEBPACK_IMPORTED_MODULE_2__[\"default\"].getDefaultStore()\nwrapper = Object(_vue_test_utils__WEBPACK_IMPORTED_MODULE_1__[\"shallowMount\"])(_components_EscogerTransaccion_vue__WEBPACK_IMPORTED_MODULE_3__[\"default\"],\n    {\n      store\n    })",
            "err": {},
            "isRoot": false,
            "uuid": "5743f251-f3b4-49d2-9dda-b07962557443",
            "isHook": true,
            "skipped": false
          }
        ],
        "afterHooks": [
          {
            "title": "\"after each\" hook",
            "fullTitle": "EscogerTransaccion.vue \"after each\" hook",
            "timedOut": false,
            "duration": 0,
            "pass": false,
            "fail": false,
            "pending": false,
            "code": "",
            "err": {},
            "isRoot": false,
            "uuid": "4d20b108-2052-45be-97d7-43de94fdbf25",
            "isHook": true,
            "skipped": false
          }
        ],
        "tests": [
          {
            "title": "cambio de estado a Ingresos",
            "fullTitle": "EscogerTransaccion.vue cambio de estado a Ingresos",
            "timedOut": false,
            "duration": 1,
            "state": "passed",
            "speed": "fast",
            "pass": true,
            "fail": false,
            "pending": false,
            "code": "wrapper.vm.irAIngresos()\nObject(chai__WEBPACK_IMPORTED_MODULE_0__[\"expect\"])(wrapper.vm.tipoTransaccion).to.equals('Ingresos')",
            "err": {},
            "isRoot": false,
            "uuid": "485b2805-ce83-47c6-a014-5b00d4f01919",
            "isHook": false,
            "skipped": false
          },
          {
            "title": "cambio de estado a Egresos",
            "fullTitle": "EscogerTransaccion.vue cambio de estado a Egresos",
            "timedOut": false,
            "duration": 1,
            "state": "passed",
            "speed": "fast",
            "pass": true,
            "fail": false,
            "pending": false,
            "code": "wrapper.vm.irAEgresos()\nObject(chai__WEBPACK_IMPORTED_MODULE_0__[\"expect\"])(wrapper.vm.tipoTransaccion).to.equals('Egresos')",
            "err": {},
            "isRoot": false,
            "uuid": "f5a8573c-c372-4886-825a-de3a8a7b7417",
            "isHook": false,
            "skipped": false
          }
        ],
        "suites": [],
        "passes": [
          "485b2805-ce83-47c6-a014-5b00d4f01919",
          "f5a8573c-c372-4886-825a-de3a8a7b7417"
        ],
        "failures": [],
        "pending": [],
        "skipped": [],
        "duration": 2,
        "root": false,
        "rootEmpty": false,
        "_timeout": 2000
      },
      {
        "uuid": "fb8718b5-cdd8-4322-8476-b15137631ae1",
        "title": "Transfer.vue",
        "fullFile": "D:\\Personal\\Documents\\upb\\Certificación 3\\gestor\\dist\\main.js",
        "file": "\\dist\\main.js",
        "beforeHooks": [],
        "afterHooks": [],
        "tests": [
          {
            "title": "transferencia registra un ingreso a la cuenta destino y un egreso a la cuenta actual",
            "fullTitle": "Transfer.vue transferencia registra un ingreso a la cuenta destino y un egreso a la cuenta actual",
            "timedOut": false,
            "duration": 15,
            "state": "passed",
            "speed": "fast",
            "pass": true,
            "fail": false,
            "pending": false,
            "code": "const wrapper = Object(_vue_test_utils__WEBPACK_IMPORTED_MODULE_1__[\"shallowMount\"])(_components_Transfer_vue__WEBPACK_IMPORTED_MODULE_2__[\"default\"], {\n  store\n})\nconst cuentaNueva = { id: 1000, nombre: 'Prueba', ingresos: [], egresos: [] }\nwrapper.vm.$store.dispatch('anadirCuenta', cuentaNueva)\nconst cuentasStore = wrapper.vm.cuentas\nconst idCuenta2 = 1000\nwrapper.vm.amount = 100\nwrapper.vm.selectedaccount = idCuenta2\nconst egresosC1Antes = JSON.parse(JSON.stringify(cuentasStore[0].egresos))\nconst ingresosC2Antes = JSON.parse(JSON.stringify(cuentasStore[1].ingresos))\nwrapper.vm.saveTransfer()\nconst egresosC1Despues = cuentasStore[0].egresos\nconst ingresosC2Despues = cuentasStore[1].ingresos\nconst bool = !!((egresosC1Antes.length + 1 === egresosC1Despues.length) &&\n  (ingresosC2Antes.length + 1 === ingresosC2Despues.length))\nchai__WEBPACK_IMPORTED_MODULE_0__[\"assert\"].equal(bool, true)",
            "err": {},
            "isRoot": false,
            "uuid": "c3125d88-d2f1-4da8-89bf-bc85ebf6fb4c",
            "isHook": false,
            "skipped": false
          }
        ],
        "suites": [],
        "passes": [
          "c3125d88-d2f1-4da8-89bf-bc85ebf6fb4c"
        ],
        "failures": [],
        "pending": [],
        "skipped": [],
        "duration": 15,
        "root": false,
        "rootEmpty": false,
        "_timeout": 2000
      },
      {
        "uuid": "855add2e-92ce-423f-9397-b9cd418dc2d2",
        "title": "CategoryList.vue",
        "fullFile": "D:\\Personal\\Documents\\upb\\Certificación 3\\gestor\\dist\\main.js",
        "file": "\\dist\\main.js",
        "beforeHooks": [],
        "afterHooks": [],
        "tests": [
          {
            "title": "La lista de categorías cambia si estás en ingresos o egresos",
            "fullTitle": "CategoryList.vue La lista de categorías cambia si estás en ingresos o egresos",
            "timedOut": false,
            "duration": 5,
            "state": "passed",
            "speed": "fast",
            "pass": true,
            "fail": false,
            "pending": false,
            "code": "const wrapper = Object(_vue_test_utils__WEBPACK_IMPORTED_MODULE_1__[\"mount\"])(_components_CategoryList_vue__WEBPACK_IMPORTED_MODULE_3__[\"default\"], {\n  store\n})\nconst listaIngresos = JSON.parse(JSON.stringify(wrapper.vm.escogerTransaccion()))\nconst tipo = 'Egresos'\nwrapper.vm.$store.dispatch('cambiarTransaccion', tipo)\nconst listaEgresos = JSON.parse(JSON.stringify(wrapper.vm.escogerTransaccion()))\nconst bool = listaIngresos === listaEgresos\nchai__WEBPACK_IMPORTED_MODULE_0__[\"assert\"].equal(bool, false)",
            "err": {},
            "isRoot": false,
            "uuid": "6069e638-bbe1-449e-86c1-d0b1404420b1",
            "isHook": false,
            "skipped": false
          }
        ],
        "suites": [],
        "passes": [
          "6069e638-bbe1-449e-86c1-d0b1404420b1"
        ],
        "failures": [],
        "pending": [],
        "skipped": [],
        "duration": 5,
        "root": false,
        "rootEmpty": false,
        "_timeout": 2000
      },
      {
        "uuid": "f3197c85-25cd-47e9-b4c9-09b7bb119ee2",
        "title": "ListaCuentas.vue",
        "fullFile": "D:\\Personal\\Documents\\upb\\Certificación 3\\gestor\\dist\\main.js",
        "file": "\\dist\\main.js",
        "beforeHooks": [],
        "afterHooks": [],
        "tests": [
          {
            "title": "Se crean cuentas correctamente",
            "fullTitle": "ListaCuentas.vue Se crean cuentas correctamente",
            "timedOut": false,
            "duration": 7,
            "state": "passed",
            "speed": "fast",
            "pass": true,
            "fail": false,
            "pending": false,
            "code": "const wrapper = Object(_vue_test_utils__WEBPACK_IMPORTED_MODULE_1__[\"mount\"])(_components_ListaCuentas_vue__WEBPACK_IMPORTED_MODULE_4__[\"default\"], {\n  store\n})\nconst cuentaNueva1 = { id: 1000, nombre: 'Prueba 1', ingresos: [], egresos: [] }\nconst cuentaNueva2 = { id: 1001, nombre: 'Prueba 2', ingresos: [], egresos: [] }\nconst cuentaNueva3 = { id: 1002, nombre: 'Prueba 3', ingresos: [], egresos: [] }\nwrapper.vm.$store.dispatch('anadirCuenta', cuentaNueva1)\nwrapper.vm.$store.dispatch('anadirCuenta', cuentaNueva2)\nwrapper.vm.$store.dispatch('anadirCuenta', cuentaNueva3)\nconst cuentas = wrapper.findAll(_components_Cuenta_vue__WEBPACK_IMPORTED_MODULE_5__[\"default\"])\nconst largoAntes = cuentas.length\nchai__WEBPACK_IMPORTED_MODULE_0__[\"assert\"].equal(largoAntes, 4, 'pasa valores incorrectos')",
            "err": {},
            "isRoot": false,
            "uuid": "aa41a907-78eb-47b3-83aa-260b292a2fa7",
            "isHook": false,
            "skipped": false
          }
        ],
        "suites": [],
        "passes": [
          "aa41a907-78eb-47b3-83aa-260b292a2fa7"
        ],
        "failures": [],
        "pending": [],
        "skipped": [],
        "duration": 7,
        "root": false,
        "rootEmpty": false,
        "_timeout": 2000
      },
      {
        "uuid": "43fbdef9-6185-4f14-96a4-d821974a15ed",
        "title": "ListaCuentas.vue",
        "fullFile": "D:\\Personal\\Documents\\upb\\Certificación 3\\gestor\\dist\\main.js",
        "file": "\\dist\\main.js",
        "beforeHooks": [],
        "afterHooks": [],
        "tests": [
          {
            "title": "Se elimina una cuenta correctamente",
            "fullTitle": "ListaCuentas.vue Se elimina una cuenta correctamente",
            "timedOut": false,
            "duration": 247,
            "state": "passed",
            "speed": "slow",
            "pass": true,
            "fail": false,
            "pending": false,
            "code": "const wrapper = Object(_vue_test_utils__WEBPACK_IMPORTED_MODULE_1__[\"mount\"])(_components_ListaCuentas_vue__WEBPACK_IMPORTED_MODULE_4__[\"default\"], {\n  store\n})\nconst cuentaNueva1 = { id: 1000, nombre: 'Prueba 1', ingresos: [], egresos: [] }\nconst cuentaNueva2 = { id: 1001, nombre: 'Prueba 2', ingresos: [], egresos: [] }\nconst cuentaNueva3 = { id: 1002, nombre: 'Prueba 3', ingresos: [], egresos: [] }\nwrapper.vm.$store.dispatch('anadirCuenta', cuentaNueva1)\nwrapper.vm.$store.dispatch('anadirCuenta', cuentaNueva2)\nwrapper.vm.$store.dispatch('anadirCuenta', cuentaNueva3)\nconst cuentas = wrapper.findAll(_components_Cuenta_vue__WEBPACK_IMPORTED_MODULE_5__[\"default\"])\nconsole.log(cuentas.length)\nconst largoAntes = cuentas.length\ncuentas.at(0).vm.eliminarCuenta()\nconst cuentasDespues = wrapper.findAll(_components_Cuenta_vue__WEBPACK_IMPORTED_MODULE_5__[\"default\"])\nconst largoDespues = cuentasDespues.length\nchai__WEBPACK_IMPORTED_MODULE_0__[\"assert\"].equal(largoAntes, largoDespues, 'valores cuentas no iguales')",
            "err": {},
            "isRoot": false,
            "uuid": "33cf5c45-fdf8-4c38-bbb6-d70be4b03d0e",
            "isHook": false,
            "skipped": false
          }
        ],
        "suites": [],
        "passes": [
          "33cf5c45-fdf8-4c38-bbb6-d70be4b03d0e"
        ],
        "failures": [],
        "pending": [],
        "skipped": [],
        "duration": 247,
        "root": false,
        "rootEmpty": false,
        "_timeout": 2000
      },
      {
        "uuid": "03b5241a-54e3-4daa-934f-189a661b4b36",
        "title": "Reporte.vue",
        "fullFile": "D:\\Personal\\Documents\\upb\\Certificación 3\\gestor\\dist\\main.js",
        "file": "\\dist\\main.js",
        "beforeHooks": [
          {
            "title": "\"before all\" hook",
            "fullTitle": "Reporte.vue \"before all\" hook",
            "timedOut": false,
            "duration": 0,
            "pass": false,
            "fail": false,
            "pending": false,
            "code": "",
            "err": {},
            "isRoot": false,
            "uuid": "b63d0930-2064-45d3-99e0-8d295fc7cf87",
            "isHook": true,
            "skipped": false
          },
          {
            "title": "\"before each\" hook",
            "fullTitle": "Reporte.vue \"before each\" hook",
            "timedOut": false,
            "duration": 6,
            "pass": false,
            "fail": false,
            "pending": false,
            "code": "store = _StoreUtil__WEBPACK_IMPORTED_MODULE_2__[\"default\"].getDefaultStore()\nwrapper = Object(_vue_test_utils__WEBPACK_IMPORTED_MODULE_1__[\"shallowMount\"])(_components_Reporte_vue__WEBPACK_IMPORTED_MODULE_3__[\"default\"],\n    {\n      store\n    })",
            "err": {},
            "isRoot": false,
            "uuid": "39d69a96-157c-4192-84d9-9c97f489ceeb",
            "isHook": true,
            "skipped": false
          }
        ],
        "afterHooks": [
          {
            "title": "\"after each\" hook",
            "fullTitle": "Reporte.vue \"after each\" hook",
            "timedOut": false,
            "duration": 0,
            "pass": false,
            "fail": false,
            "pending": false,
            "code": "",
            "err": {},
            "isRoot": false,
            "uuid": "8bee8e2e-b3f8-4eda-ae3e-344d53bd6f40",
            "isHook": true,
            "skipped": false
          }
        ],
        "tests": [
          {
            "title": "detecta el color verde de un ingreso en reportes",
            "fullTitle": "Reporte.vue detecta el color verde de un ingreso en reportes",
            "timedOut": false,
            "duration": 1,
            "state": "passed",
            "speed": "fast",
            "pass": true,
            "fail": false,
            "pending": false,
            "code": "Object(chai__WEBPACK_IMPORTED_MODULE_0__[\"expect\"])(wrapper.vm.ingresosEgresos[0].color).to.equal('lightgreen')",
            "err": {},
            "isRoot": false,
            "uuid": "8cf85634-dd42-427c-a820-8eec555696b5",
            "isHook": false,
            "skipped": false
          },
          {
            "title": "detecta el color rojo de un egreso en reportes",
            "fullTitle": "Reporte.vue detecta el color rojo de un egreso en reportes",
            "timedOut": false,
            "duration": 0,
            "state": "passed",
            "speed": "fast",
            "pass": true,
            "fail": false,
            "pending": false,
            "code": "Object(chai__WEBPACK_IMPORTED_MODULE_0__[\"expect\"])(wrapper.vm.ingresosEgresos[1].color).to.equal('lightcoral')",
            "err": {},
            "isRoot": false,
            "uuid": "9ddafb51-a771-40c7-8d7c-edc43a68325b",
            "isHook": false,
            "skipped": false
          },
          {
            "title": "filtra por categoría",
            "fullTitle": "Reporte.vue filtra por categoría",
            "timedOut": false,
            "duration": 3,
            "state": "passed",
            "speed": "fast",
            "pass": true,
            "fail": false,
            "pending": false,
            "code": "wrapper.vm.categoriaSeleccionada = 'Transferencia'\nObject(chai__WEBPACK_IMPORTED_MODULE_0__[\"expect\"])(wrapper.vm.categoriaASeleccionar().length).to.equal(1)",
            "err": {},
            "isRoot": false,
            "uuid": "75bb6b13-0e03-4b6f-a069-1417b9b79b5f",
            "isHook": false,
            "skipped": false
          }
        ],
        "suites": [],
        "passes": [
          "8cf85634-dd42-427c-a820-8eec555696b5",
          "9ddafb51-a771-40c7-8d7c-edc43a68325b",
          "75bb6b13-0e03-4b6f-a069-1417b9b79b5f"
        ],
        "failures": [],
        "pending": [],
        "skipped": [],
        "duration": 4,
        "root": false,
        "rootEmpty": false,
        "_timeout": 2000
      },
      {
        "uuid": "f819f399-8c12-462e-aade-508ac85f3450",
        "title": "Transfer.vue",
        "fullFile": "D:\\Personal\\Documents\\upb\\Certificación 3\\gestor\\dist\\main.js",
        "file": "\\dist\\main.js",
        "beforeHooks": [],
        "afterHooks": [],
        "tests": [
          {
            "title": "verifica no se excede la transferencia",
            "fullTitle": "Transfer.vue verifica no se excede la transferencia",
            "timedOut": false,
            "duration": 232,
            "state": "passed",
            "speed": "slow",
            "pass": true,
            "fail": false,
            "pending": false,
            "code": "const wrapper = Object(_vue_test_utils__WEBPACK_IMPORTED_MODULE_1__[\"shallowMount\"])(_components_Transfer_vue__WEBPACK_IMPORTED_MODULE_3__[\"default\"], {\n  store\n})\nconst cuentaNueva = { id: 1000, nombre: 'Prueba', ingresos: [], egresos: [] }\nstore.dispatch('anadirCuenta', cuentaNueva)\nconst idCuenta2 = 1000\nwrapper.vm.amount = -100\nwrapper.vm.selectedaccount = idCuenta2\nwrapper.vm.saveTransfer()\nObject(chai__WEBPACK_IMPORTED_MODULE_0__[\"expect\"])(wrapper.vm.obtenerSaldo()).to.equal(1200)",
            "err": {},
            "isRoot": false,
            "uuid": "99b37cdc-5c10-4c79-9da8-dc6ff396c5fe",
            "isHook": false,
            "skipped": false
          }
        ],
        "suites": [],
        "passes": [
          "99b37cdc-5c10-4c79-9da8-dc6ff396c5fe"
        ],
        "failures": [],
        "pending": [],
        "skipped": [],
        "duration": 232,
        "root": false,
        "rootEmpty": false,
        "_timeout": 2000
      }
    ],
    "passes": [],
    "failures": [],
    "pending": [],
    "skipped": [],
    "duration": 0,
    "root": true,
    "rootEmpty": true,
    "_timeout": 2000
  },
  "copyrightYear": 2019
}